#
# There is insufficient memory for the Java Runtime Environment to continue.
# Native memory allocation (malloc) failed to allocate 1000976 bytes for Chunk::new
# Possible reasons:
#   The system is out of physical RAM or swap space
#   The process is running with CompressedOops enabled, and the Java Heap may be blocking the growth of the native heap
# Possible solutions:
#   Reduce memory load on the system
#   Increase physical memory or swap space
#   Check if swap backing store is full
#   Decrease Java heap size (-Xmx/-Xms)
#   Decrease number of Java threads
#   Decrease Java thread stack sizes (-Xss)
#   Set larger code cache with -XX:ReservedCodeCacheSize=
#   JVM is running with Zero Based Compressed Oops mode in which the Java heap is
#     placed in the first 32GB address space. The Java Heap base address is the
#     maximum limit for the native heap growth. Please use -XX:HeapBaseMinAddress
#     to set the Java Heap base and to place the Java Heap above 32GB virtual address.
# This output file may be truncated or incomplete.
#
#  Out of Memory Error (t:/workspace/open/src/hotspot/share/memory/arena.cpp:197), pid=8444, tid=13516
#
# JRE version: Java(TM) SE Runtime Environment (12.0.2+10) (build 12.0.2+10)
# Java VM: Java HotSpot(TM) 64-Bit Server VM (12.0.2+10, mixed mode, sharing, tiered, compressed oops, g1 gc, windows-amd64)
# No core dump will be written. Minidumps are not enabled by default on client versions of Windows
#

---------------  S U M M A R Y ------------

Command Line: -Dfile.encoding=Cp1252 coursework.StartNoGui

Host: AMD Ryzen 5 2600 Six-Core Processor            , 12 cores, 15G,  Windows 10 , 64 bit Build 18362 (10.0.18362.329)
Time: Thu Mar 26 16:33:10 2020 GMT Standard Time elapsed time: 3540 seconds (0d 0h 59m 0s)

---------------  T H R E A D  ---------------

Current thread (0x000001dbff92b000):  JavaThread "C2 CompilerThread0" daemon [_thread_in_native, id=13516, stack(0x0000007bb2b00000,0x0000007bb2c00000)]


Current CompileTask:
C2:3540523 2250   !   4       sun.java2d.SunGraphics2D::fillRect (74 bytes)

Stack: [0x0000007bb2b00000,0x0000007bb2c00000]
Native frames: (J=compiled Java code, j=interpreted, Vv=VM code, C=native code)
V  [jvm.dll+0x63aa2a]
V  [jvm.dll+0x78ce1e]
V  [jvm.dll+0x78e4c1]
V  [jvm.dll+0x78eb13]
V  [jvm.dll+0x2627e8]
V  [jvm.dll+0xc55cc]
V  [jvm.dll+0xc5b4c]
V  [jvm.dll+0x37a632]
V  [jvm.dll+0x3463d3]
V  [jvm.dll+0x34579a]
V  [jvm.dll+0x21c205]
V  [jvm.dll+0x21b3da]
V  [jvm.dll+0x199a20]
V  [jvm.dll+0x22a744]
V  [jvm.dll+0x228d98]
V  [jvm.dll+0x7512a0]
V  [jvm.dll+0x74a2c8]
V  [jvm.dll+0x639b16]
C  [ucrtbase.dll+0x20e72]
C  [KERNEL32.DLL+0x17bd4]
C  [ntdll.dll+0x6ced1]


---------------  P R O C E S S  ---------------

Threads class SMR info:
_java_thread_list=0x000001db95948f50, length=18, elements={
0x000001dbeea99000, 0x000001dbff87e000, 0x000001dbff87f800, 0x000001dbff89d000,
0x000001dbff89e000, 0x000001dbff92b000, 0x000001dbff932800, 0x000001dbff95c000,
0x000001dbffaa2000, 0x000001dbffa97800, 0x000001db95823800, 0x000001db95967000,
0x000001db95953800, 0x000001db95c6b800, 0x000001db95ac0000, 0x000001db9a67c800,
0x000001db9a5d2800, 0x000001db9a4a3800
}

Java Threads: ( => current thread )
  0x000001dbeea99000 JavaThread "main" [_thread_blocked, id=14860, stack(0x0000007bb2000000,0x0000007bb2100000)]
  0x000001dbff87e000 JavaThread "Reference Handler" daemon [_thread_blocked, id=8968, stack(0x0000007bb2700000,0x0000007bb2800000)]
  0x000001dbff87f800 JavaThread "Finalizer" daemon [_thread_blocked, id=23904, stack(0x0000007bb2800000,0x0000007bb2900000)]
  0x000001dbff89d000 JavaThread "Signal Dispatcher" daemon [_thread_blocked, id=9660, stack(0x0000007bb2900000,0x0000007bb2a00000)]
  0x000001dbff89e000 JavaThread "Attach Listener" daemon [_thread_blocked, id=26056, stack(0x0000007bb2a00000,0x0000007bb2b00000)]
=>0x000001dbff92b000 JavaThread "C2 CompilerThread0" daemon [_thread_in_native, id=13516, stack(0x0000007bb2b00000,0x0000007bb2c00000)]
  0x000001dbff932800 JavaThread "C1 CompilerThread0" daemon [_thread_blocked, id=9124, stack(0x0000007bb2c00000,0x0000007bb2d00000)]
  0x000001dbff95c000 JavaThread "Sweeper thread" daemon [_thread_blocked, id=26232, stack(0x0000007bb2d00000,0x0000007bb2e00000)]
  0x000001dbffaa2000 JavaThread "Service Thread" daemon [_thread_blocked, id=260, stack(0x0000007bb2e00000,0x0000007bb2f00000)]
  0x000001dbffa97800 JavaThread "Common-Cleaner" daemon [_thread_blocked, id=24100, stack(0x0000007bb3000000,0x0000007bb3100000)]
  0x000001db95823800 JavaThread "Java2D Disposer" daemon [_thread_blocked, id=5676, stack(0x0000007bb3100000,0x0000007bb3200000)]
  0x000001db95967000 JavaThread "AWT-Shutdown" [_thread_blocked, id=26236, stack(0x0000007bb1d00000,0x0000007bb1e00000)]
  0x000001db95953800 JavaThread "AWT-Windows" daemon [_thread_in_native, id=1552, stack(0x0000007bb1e00000,0x0000007bb1f00000)]
  0x000001db95c6b800 JavaThread "AWT-EventQueue-0" [_thread_in_vm, id=8076, stack(0x0000007bb3800000,0x0000007bb3900000)]
  0x000001db95ac0000 JavaThread "Swing-Shell" daemon [_thread_blocked, id=22220, stack(0x0000007bb3900000,0x0000007bb3a00000)]
  0x000001db9a67c800 JavaThread "D3D Screen Updater" daemon [_thread_blocked, id=2188, stack(0x0000007bb4f00000,0x0000007bb5000000)]
  0x000001db9a5d2800 JavaThread "TimerQueue" daemon [_thread_blocked, id=14404, stack(0x0000007bb5100000,0x0000007bb5200000)]
  0x000001db9a4a3800 JavaThread "C2 CompilerThread1" daemon [_thread_in_native, id=9384, stack(0x0000007bb3e00000,0x0000007bb3f00000)]

Other Threads:
  0x000001dbff87d800 VMThread "VM Thread" [stack: 0x0000007bb2600000,0x0000007bb2700000] [id=12576]
  0x000001dbffab5000 WatcherThread [stack: 0x0000007bb2f00000,0x0000007bb3000000] [id=19748]
  0x000001dbeeafd800 GCTaskThread "GC Thread#0" [stack: 0x0000007bb2100000,0x0000007bb2200000] [id=4776]
  0x000001db95968800 GCTaskThread "GC Thread#1" [stack: 0x0000007bb3300000,0x0000007bb3400000] [id=10172]
  0x000001db95838000 GCTaskThread "GC Thread#2" [stack: 0x0000007bb3400000,0x0000007bb3500000] [id=26228]
  0x000001db95839000 GCTaskThread "GC Thread#3" [stack: 0x0000007bb3500000,0x0000007bb3600000] [id=18060]
  0x000001db958c0000 GCTaskThread "GC Thread#4" [stack: 0x0000007bb3600000,0x0000007bb3700000] [id=24804]
  0x000001db958c1000 GCTaskThread "GC Thread#5" [stack: 0x0000007bb3700000,0x0000007bb3800000] [id=23748]
  0x000001dbeeb18800 ConcurrentGCThread "G1 Main Marker" [stack: 0x0000007bb2200000,0x0000007bb2300000] [id=3180]
  0x000001dbeeb1c000 ConcurrentGCThread "G1 Conc#0" [stack: 0x0000007bb2300000,0x0000007bb2400000] [id=11408]
  0x000001dbff779000 ConcurrentGCThread "G1 Refine#0" [stack: 0x0000007bb2400000,0x0000007bb2500000] [id=15232]
  0x000001dbff77a000 ConcurrentGCThread "G1 Young RemSet Sampling" [stack: 0x0000007bb2500000,0x0000007bb2600000] [id=17888]

Threads with active compile tasks:
C2 CompilerThread0  2250   !   4       sun.java2d.SunGraphics2D::fillRect (74 bytes)
C2 CompilerThread1  2257       4       sun.java2d.pipe.PixelToParallelogramConverter::fillRect (26 bytes)

VM state:not at safepoint (normal execution)

VM Mutex/Monitor currently owned by a thread: None

Heap address: 0x0000000700c00000, size: 4084 MB, Compressed Oops mode: Zero based, Oop shift amount: 3
Narrow klass base: 0x0000000800000000, Narrow klass shift: 3
Compressed class space size: 1073741824 Address: 0x0000000801190000

Heap:
 garbage-first heap   total 262144K, used 19055K [0x0000000700c00000, 0x0000000800000000)
  region size 1024K, 17 young (17408K), 2 survivors (2048K)
 Metaspace       used 12051K, capacity 12358K, committed 12672K, reserved 1060864K
  class space    used 1419K, capacity 1566K, committed 1664K, reserved 1048576K
Heap Regions: E=young(eden), S=young(survivor), O=old, HS=humongous(starts), HC=humongous(continues), CS=collection set, F=free, A=archive, TAMS=top-at-mark-start (previous, next)
|   0|0x0000000700c00000, 0x0000000700d00000, 0x0000000700d00000|100%| O|  |TAMS 0x0000000700c00000, 0x0000000700c00000| Untracked 
|   1|0x0000000700d00000, 0x0000000700e00000, 0x0000000700e00000|100%| O|  |TAMS 0x0000000700d00000, 0x0000000700d00000| Untracked 
|   2|0x0000000700e00000, 0x0000000700e4ba00, 0x0000000700f00000| 29%| O|  |TAMS 0x0000000700e00000, 0x0000000700e00000| Untracked 
|   3|0x0000000700f00000, 0x0000000701000000, 0x0000000701000000|100%|HS|  |TAMS 0x0000000700f00000, 0x0000000700f00000| Complete 
|   4|0x0000000701000000, 0x0000000701000000, 0x0000000701100000|  0%| F|  |TAMS 0x0000000701000000, 0x0000000701000000| Untracked 
|   5|0x0000000701100000, 0x0000000701100000, 0x0000000701200000|  0%| F|  |TAMS 0x0000000701100000, 0x0000000701100000| Untracked 
|   6|0x0000000701200000, 0x0000000701200000, 0x0000000701300000|  0%| F|  |TAMS 0x0000000701200000, 0x0000000701200000| Untracked 
|   7|0x0000000701300000, 0x0000000701300000, 0x0000000701400000|  0%| F|  |TAMS 0x0000000701300000, 0x0000000701300000| Untracked 
|   8|0x0000000701400000, 0x0000000701400000, 0x0000000701500000|  0%| F|  |TAMS 0x0000000701400000, 0x0000000701400000| Untracked 
|   9|0x0000000701500000, 0x0000000701500000, 0x0000000701600000|  0%| F|  |TAMS 0x0000000701500000, 0x0000000701500000| Untracked 
|  10|0x0000000701600000, 0x0000000701600000, 0x0000000701700000|  0%| F|  |TAMS 0x0000000701600000, 0x0000000701600000| Untracked 
|  11|0x0000000701700000, 0x0000000701700000, 0x0000000701800000|  0%| F|  |TAMS 0x0000000701700000, 0x0000000701700000| Untracked 
|  12|0x0000000701800000, 0x0000000701800000, 0x0000000701900000|  0%| F|  |TAMS 0x0000000701800000, 0x0000000701800000| Untracked 
|  13|0x0000000701900000, 0x0000000701900000, 0x0000000701a00000|  0%| F|  |TAMS 0x0000000701900000, 0x0000000701900000| Untracked 
|  14|0x0000000701a00000, 0x0000000701a00000, 0x0000000701b00000|  0%| F|  |TAMS 0x0000000701a00000, 0x0000000701a00000| Untracked 
|  15|0x0000000701b00000, 0x0000000701b00000, 0x0000000701c00000|  0%| F|  |TAMS 0x0000000701b00000, 0x0000000701b00000| Untracked 
|  16|0x0000000701c00000, 0x0000000701c00000, 0x0000000701d00000|  0%| F|  |TAMS 0x0000000701c00000, 0x0000000701c00000| Untracked 
|  17|0x0000000701d00000, 0x0000000701d00000, 0x0000000701e00000|  0%| F|  |TAMS 0x0000000701d00000, 0x0000000701d00000| Untracked 
|  18|0x0000000701e00000, 0x0000000701e00000, 0x0000000701f00000|  0%| F|  |TAMS 0x0000000701e00000, 0x0000000701e00000| Untracked 
|  19|0x0000000701f00000, 0x0000000701f00000, 0x0000000702000000|  0%| F|  |TAMS 0x0000000701f00000, 0x0000000701f00000| Untracked 
|  20|0x0000000702000000, 0x0000000702000000, 0x0000000702100000|  0%| F|  |TAMS 0x0000000702000000, 0x0000000702000000| Untracked 
|  21|0x0000000702100000, 0x0000000702100000, 0x0000000702200000|  0%| F|  |TAMS 0x0000000702100000, 0x0000000702100000| Untracked 
|  22|0x0000000702200000, 0x0000000702200000, 0x0000000702300000|  0%| F|  |TAMS 0x0000000702200000, 0x0000000702200000| Untracked 
|  23|0x0000000702300000, 0x0000000702300000, 0x0000000702400000|  0%| F|  |TAMS 0x0000000702300000, 0x0000000702300000| Untracked 
|  24|0x0000000702400000, 0x0000000702400000, 0x0000000702500000|  0%| F|  |TAMS 0x0000000702400000, 0x0000000702400000| Untracked 
|  25|0x0000000702500000, 0x0000000702500000, 0x0000000702600000|  0%| F|  |TAMS 0x0000000702500000, 0x0000000702500000| Untracked 
|  26|0x0000000702600000, 0x0000000702600000, 0x0000000702700000|  0%| F|  |TAMS 0x0000000702600000, 0x0000000702600000| Untracked 
|  27|0x0000000702700000, 0x0000000702700000, 0x0000000702800000|  0%| F|  |TAMS 0x0000000702700000, 0x0000000702700000| Untracked 
|  28|0x0000000702800000, 0x0000000702800000, 0x0000000702900000|  0%| F|  |TAMS 0x0000000702800000, 0x0000000702800000| Untracked 
|  29|0x0000000702900000, 0x0000000702900000, 0x0000000702a00000|  0%| F|  |TAMS 0x0000000702900000, 0x0000000702900000| Untracked 
|  30|0x0000000702a00000, 0x0000000702a00000, 0x0000000702b00000|  0%| F|  |TAMS 0x0000000702a00000, 0x0000000702a00000| Untracked 
|  31|0x0000000702b00000, 0x0000000702b00000, 0x0000000702c00000|  0%| F|  |TAMS 0x0000000702b00000, 0x0000000702b00000| Untracked 
|  32|0x0000000702c00000, 0x0000000702c00000, 0x0000000702d00000|  0%| F|  |TAMS 0x0000000702c00000, 0x0000000702c00000| Untracked 
|  33|0x0000000702d00000, 0x0000000702d00000, 0x0000000702e00000|  0%| F|  |TAMS 0x0000000702d00000, 0x0000000702d00000| Untracked 
|  34|0x0000000702e00000, 0x0000000702e00000, 0x0000000702f00000|  0%| F|  |TAMS 0x0000000702e00000, 0x0000000702e00000| Untracked 
|  35|0x0000000702f00000, 0x0000000702f00000, 0x0000000703000000|  0%| F|  |TAMS 0x0000000702f00000, 0x0000000702f00000| Untracked 
|  36|0x0000000703000000, 0x0000000703000000, 0x0000000703100000|  0%| F|  |TAMS 0x0000000703000000, 0x0000000703000000| Untracked 
|  37|0x0000000703100000, 0x0000000703100000, 0x0000000703200000|  0%| F|  |TAMS 0x0000000703100000, 0x0000000703100000| Untracked 
|  38|0x0000000703200000, 0x0000000703200000, 0x0000000703300000|  0%| F|  |TAMS 0x0000000703200000, 0x0000000703200000| Untracked 
|  39|0x0000000703300000, 0x0000000703300000, 0x0000000703400000|  0%| F|  |TAMS 0x0000000703300000, 0x0000000703300000| Untracked 
|  40|0x0000000703400000, 0x0000000703400000, 0x0000000703500000|  0%| F|  |TAMS 0x0000000703400000, 0x0000000703400000| Untracked 
|  41|0x0000000703500000, 0x0000000703500000, 0x0000000703600000|  0%| F|  |TAMS 0x0000000703500000, 0x0000000703500000| Untracked 
|  42|0x0000000703600000, 0x0000000703600000, 0x0000000703700000|  0%| F|  |TAMS 0x0000000703600000, 0x0000000703600000| Untracked 
|  43|0x0000000703700000, 0x0000000703700000, 0x0000000703800000|  0%| F|  |TAMS 0x0000000703700000, 0x0000000703700000| Untracked 
|  44|0x0000000703800000, 0x0000000703800000, 0x0000000703900000|  0%| F|  |TAMS 0x0000000703800000, 0x0000000703800000| Untracked 
|  45|0x0000000703900000, 0x0000000703900000, 0x0000000703a00000|  0%| F|  |TAMS 0x0000000703900000, 0x0000000703900000| Untracked 
|  46|0x0000000703a00000, 0x0000000703a00000, 0x0000000703b00000|  0%| F|  |TAMS 0x0000000703a00000, 0x0000000703a00000| Untracked 
|  47|0x0000000703b00000, 0x0000000703b00000, 0x0000000703c00000|  0%| F|  |TAMS 0x0000000703b00000, 0x0000000703b00000| Untracked 
|  48|0x0000000703c00000, 0x0000000703c00000, 0x0000000703d00000|  0%| F|  |TAMS 0x0000000703c00000, 0x0000000703c00000| Untracked 
|  49|0x0000000703d00000, 0x0000000703d00000, 0x0000000703e00000|  0%| F|  |TAMS 0x0000000703d00000, 0x0000000703d00000| Untracked 
|  50|0x0000000703e00000, 0x0000000703e00000, 0x0000000703f00000|  0%| F|  |TAMS 0x0000000703e00000, 0x0000000703e00000| Untracked 
|  51|0x0000000703f00000, 0x0000000703f00000, 0x0000000704000000|  0%| F|  |TAMS 0x0000000703f00000, 0x0000000703f00000| Untracked 
|  52|0x0000000704000000, 0x0000000704000000, 0x0000000704100000|  0%| F|  |TAMS 0x0000000704000000, 0x0000000704000000| Untracked 
|  53|0x0000000704100000, 0x0000000704100000, 0x0000000704200000|  0%| F|  |TAMS 0x0000000704100000, 0x0000000704100000| Untracked 
|  54|0x0000000704200000, 0x0000000704200000, 0x0000000704300000|  0%| F|  |TAMS 0x0000000704200000, 0x0000000704200000| Untracked 
|  55|0x0000000704300000, 0x0000000704300000, 0x0000000704400000|  0%| F|  |TAMS 0x0000000704300000, 0x0000000704300000| Untracked 
|  56|0x0000000704400000, 0x0000000704400000, 0x0000000704500000|  0%| F|  |TAMS 0x0000000704400000, 0x0000000704400000| Untracked 
|  57|0x0000000704500000, 0x0000000704500000, 0x0000000704600000|  0%| F|  |TAMS 0x0000000704500000, 0x0000000704500000| Untracked 
|  58|0x0000000704600000, 0x0000000704600000, 0x0000000704700000|  0%| F|  |TAMS 0x0000000704600000, 0x0000000704600000| Untracked 
|  59|0x0000000704700000, 0x0000000704700000, 0x0000000704800000|  0%| F|  |TAMS 0x0000000704700000, 0x0000000704700000| Untracked 
|  60|0x0000000704800000, 0x0000000704800000, 0x0000000704900000|  0%| F|  |TAMS 0x0000000704800000, 0x0000000704800000| Untracked 
|  61|0x0000000704900000, 0x0000000704900000, 0x0000000704a00000|  0%| F|  |TAMS 0x0000000704900000, 0x0000000704900000| Untracked 
|  62|0x0000000704a00000, 0x0000000704a00000, 0x0000000704b00000|  0%| F|  |TAMS 0x0000000704a00000, 0x0000000704a00000| Untracked 
|  63|0x0000000704b00000, 0x0000000704b00000, 0x0000000704c00000|  0%| F|  |TAMS 0x0000000704b00000, 0x0000000704b00000| Untracked 
|  64|0x0000000704c00000, 0x0000000704c00000, 0x0000000704d00000|  0%| F|  |TAMS 0x0000000704c00000, 0x0000000704c00000| Untracked 
|  65|0x0000000704d00000, 0x0000000704d00000, 0x0000000704e00000|  0%| F|  |TAMS 0x0000000704d00000, 0x0000000704d00000| Untracked 
|  66|0x0000000704e00000, 0x0000000704e00000, 0x0000000704f00000|  0%| F|  |TAMS 0x0000000704e00000, 0x0000000704e00000| Untracked 
|  67|0x0000000704f00000, 0x0000000704f00000, 0x0000000705000000|  0%| F|  |TAMS 0x0000000704f00000, 0x0000000704f00000| Untracked 
|  68|0x0000000705000000, 0x0000000705000000, 0x0000000705100000|  0%| F|  |TAMS 0x0000000705000000, 0x0000000705000000| Untracked 
|  69|0x0000000705100000, 0x0000000705100000, 0x0000000705200000|  0%| F|  |TAMS 0x0000000705100000, 0x0000000705100000| Untracked 
|  70|0x0000000705200000, 0x0000000705200000, 0x0000000705300000|  0%| F|  |TAMS 0x0000000705200000, 0x0000000705200000| Untracked 
|  71|0x0000000705300000, 0x0000000705300000, 0x0000000705400000|  0%| F|  |TAMS 0x0000000705300000, 0x0000000705300000| Untracked 
|  72|0x0000000705400000, 0x0000000705400000, 0x0000000705500000|  0%| F|  |TAMS 0x0000000705400000, 0x0000000705400000| Untracked 
|  73|0x0000000705500000, 0x0000000705500000, 0x0000000705600000|  0%| F|  |TAMS 0x0000000705500000, 0x0000000705500000| Untracked 
|  74|0x0000000705600000, 0x0000000705600000, 0x0000000705700000|  0%| F|  |TAMS 0x0000000705600000, 0x0000000705600000| Untracked 
|  75|0x0000000705700000, 0x0000000705700000, 0x0000000705800000|  0%| F|  |TAMS 0x0000000705700000, 0x0000000705700000| Untracked 
|  76|0x0000000705800000, 0x0000000705800000, 0x0000000705900000|  0%| F|  |TAMS 0x0000000705800000, 0x0000000705800000| Untracked 
|  77|0x0000000705900000, 0x0000000705900000, 0x0000000705a00000|  0%| F|  |TAMS 0x0000000705900000, 0x0000000705900000| Untracked 
|  78|0x0000000705a00000, 0x0000000705a00000, 0x0000000705b00000|  0%| F|  |TAMS 0x0000000705a00000, 0x0000000705a00000| Untracked 
|  79|0x0000000705b00000, 0x0000000705b00000, 0x0000000705c00000|  0%| F|  |TAMS 0x0000000705b00000, 0x0000000705b00000| Untracked 
|  80|0x0000000705c00000, 0x0000000705c00000, 0x0000000705d00000|  0%| F|  |TAMS 0x0000000705c00000, 0x0000000705c00000| Untracked 
|  81|0x0000000705d00000, 0x0000000705d00000, 0x0000000705e00000|  0%| F|  |TAMS 0x0000000705d00000, 0x0000000705d00000| Untracked 
|  82|0x0000000705e00000, 0x0000000705e00000, 0x0000000705f00000|  0%| F|  |TAMS 0x0000000705e00000, 0x0000000705e00000| Untracked 
|  83|0x0000000705f00000, 0x0000000705f00000, 0x0000000706000000|  0%| F|  |TAMS 0x0000000705f00000, 0x0000000705f00000| Untracked 
|  84|0x0000000706000000, 0x0000000706000000, 0x0000000706100000|  0%| F|  |TAMS 0x0000000706000000, 0x0000000706000000| Untracked 
|  85|0x0000000706100000, 0x0000000706100000, 0x0000000706200000|  0%| F|  |TAMS 0x0000000706100000, 0x0000000706100000| Untracked 
|  86|0x0000000706200000, 0x0000000706200000, 0x0000000706300000|  0%| F|  |TAMS 0x0000000706200000, 0x0000000706200000| Untracked 
|  87|0x0000000706300000, 0x0000000706300000, 0x0000000706400000|  0%| F|  |TAMS 0x0000000706300000, 0x0000000706300000| Untracked 
|  88|0x0000000706400000, 0x0000000706400000, 0x0000000706500000|  0%| F|  |TAMS 0x0000000706400000, 0x0000000706400000| Untracked 
|  89|0x0000000706500000, 0x0000000706500000, 0x0000000706600000|  0%| F|  |TAMS 0x0000000706500000, 0x0000000706500000| Untracked 
|  90|0x0000000706600000, 0x0000000706600000, 0x0000000706700000|  0%| F|  |TAMS 0x0000000706600000, 0x0000000706600000| Untracked 
|  91|0x0000000706700000, 0x0000000706700000, 0x0000000706800000|  0%| F|  |TAMS 0x0000000706700000, 0x0000000706700000| Untracked 
|  92|0x0000000706800000, 0x0000000706800000, 0x0000000706900000|  0%| F|  |TAMS 0x0000000706800000, 0x0000000706800000| Untracked 
|  93|0x0000000706900000, 0x0000000706900000, 0x0000000706a00000|  0%| F|  |TAMS 0x0000000706900000, 0x0000000706900000| Untracked 
|  94|0x0000000706a00000, 0x0000000706a00000, 0x0000000706b00000|  0%| F|  |TAMS 0x0000000706a00000, 0x0000000706a00000| Untracked 
|  95|0x0000000706b00000, 0x0000000706b00000, 0x0000000706c00000|  0%| F|  |TAMS 0x0000000706b00000, 0x0000000706b00000| Untracked 
|  96|0x0000000706c00000, 0x0000000706c00000, 0x0000000706d00000|  0%| F|  |TAMS 0x0000000706c00000, 0x0000000706c00000| Untracked 
|  97|0x0000000706d00000, 0x0000000706d00000, 0x0000000706e00000|  0%| F|  |TAMS 0x0000000706d00000, 0x0000000706d00000| Untracked 
|  98|0x0000000706e00000, 0x0000000706e00000, 0x0000000706f00000|  0%| F|  |TAMS 0x0000000706e00000, 0x0000000706e00000| Untracked 
|  99|0x0000000706f00000, 0x0000000706f00000, 0x0000000707000000|  0%| F|  |TAMS 0x0000000706f00000, 0x0000000706f00000| Untracked 
| 100|0x0000000707000000, 0x0000000707000000, 0x0000000707100000|  0%| F|  |TAMS 0x0000000707000000, 0x0000000707000000| Untracked 
| 101|0x0000000707100000, 0x0000000707150500, 0x0000000707200000| 31%| S|CS|TAMS 0x0000000707100000, 0x0000000707100000| Complete 
| 102|0x0000000707200000, 0x0000000707300000, 0x0000000707300000|100%| S|CS|TAMS 0x0000000707200000, 0x0000000707200000| Complete 
| 103|0x0000000707300000, 0x0000000707300000, 0x0000000707400000|  0%| F|  |TAMS 0x0000000707300000, 0x0000000707300000| Untracked 
| 104|0x0000000707400000, 0x0000000707400000, 0x0000000707500000|  0%| F|  |TAMS 0x0000000707400000, 0x0000000707400000| Untracked 
| 105|0x0000000707500000, 0x0000000707500000, 0x0000000707600000|  0%| F|  |TAMS 0x0000000707500000, 0x0000000707500000| Untracked 
| 106|0x0000000707600000, 0x0000000707600000, 0x0000000707700000|  0%| F|  |TAMS 0x0000000707600000, 0x0000000707600000| Untracked 
| 107|0x0000000707700000, 0x0000000707700000, 0x0000000707800000|  0%| F|  |TAMS 0x0000000707700000, 0x0000000707700000| Untracked 
| 108|0x0000000707800000, 0x0000000707800000, 0x0000000707900000|  0%| F|  |TAMS 0x0000000707800000, 0x0000000707800000| Untracked 
| 109|0x0000000707900000, 0x0000000707900000, 0x0000000707a00000|  0%| F|  |TAMS 0x0000000707900000, 0x0000000707900000| Untracked 
| 110|0x0000000707a00000, 0x0000000707a00000, 0x0000000707b00000|  0%| F|  |TAMS 0x0000000707a00000, 0x0000000707a00000| Untracked 
| 111|0x0000000707b00000, 0x0000000707b00000, 0x0000000707c00000|  0%| F|  |TAMS 0x0000000707b00000, 0x0000000707b00000| Untracked 
| 112|0x0000000707c00000, 0x0000000707c00000, 0x0000000707d00000|  0%| F|  |TAMS 0x0000000707c00000, 0x0000000707c00000| Untracked 
| 113|0x0000000707d00000, 0x0000000707d00000, 0x0000000707e00000|  0%| F|  |TAMS 0x0000000707d00000, 0x0000000707d00000| Untracked 
| 114|0x0000000707e00000, 0x0000000707e00000, 0x0000000707f00000|  0%| F|  |TAMS 0x0000000707e00000, 0x0000000707e00000| Untracked 
| 115|0x0000000707f00000, 0x0000000707f00000, 0x0000000708000000|  0%| F|  |TAMS 0x0000000707f00000, 0x0000000707f00000| Untracked 
| 116|0x0000000708000000, 0x0000000708000000, 0x0000000708100000|  0%| F|  |TAMS 0x0000000708000000, 0x0000000708000000| Untracked 
| 117|0x0000000708100000, 0x0000000708100000, 0x0000000708200000|  0%| F|  |TAMS 0x0000000708100000, 0x0000000708100000| Untracked 
| 118|0x0000000708200000, 0x0000000708200000, 0x0000000708300000|  0%| F|  |TAMS 0x0000000708200000, 0x0000000708200000| Untracked 
| 119|0x0000000708300000, 0x0000000708300000, 0x0000000708400000|  0%| F|  |TAMS 0x0000000708300000, 0x0000000708300000| Untracked 
| 120|0x0000000708400000, 0x0000000708400000, 0x0000000708500000|  0%| F|  |TAMS 0x0000000708400000, 0x0000000708400000| Untracked 
| 121|0x0000000708500000, 0x0000000708500000, 0x0000000708600000|  0%| F|  |TAMS 0x0000000708500000, 0x0000000708500000| Untracked 
| 122|0x0000000708600000, 0x0000000708600000, 0x0000000708700000|  0%| F|  |TAMS 0x0000000708600000, 0x0000000708600000| Untracked 
| 123|0x0000000708700000, 0x0000000708700000, 0x0000000708800000|  0%| F|  |TAMS 0x0000000708700000, 0x0000000708700000| Untracked 
| 124|0x0000000708800000, 0x0000000708800000, 0x0000000708900000|  0%| F|  |TAMS 0x0000000708800000, 0x0000000708800000| Untracked 
| 125|0x0000000708900000, 0x0000000708900000, 0x0000000708a00000|  0%| F|  |TAMS 0x0000000708900000, 0x0000000708900000| Untracked 
| 126|0x0000000708a00000, 0x0000000708a00000, 0x0000000708b00000|  0%| F|  |TAMS 0x0000000708a00000, 0x0000000708a00000| Untracked 
| 127|0x0000000708b00000, 0x0000000708b00000, 0x0000000708c00000|  0%| F|  |TAMS 0x0000000708b00000, 0x0000000708b00000| Untracked 
| 128|0x0000000708c00000, 0x0000000708c00000, 0x0000000708d00000|  0%| F|  |TAMS 0x0000000708c00000, 0x0000000708c00000| Untracked 
| 129|0x0000000708d00000, 0x0000000708d00000, 0x0000000708e00000|  0%| F|  |TAMS 0x0000000708d00000, 0x0000000708d00000| Untracked 
| 130|0x0000000708e00000, 0x0000000708e00000, 0x0000000708f00000|  0%| F|  |TAMS 0x0000000708e00000, 0x0000000708e00000| Untracked 
| 131|0x0000000708f00000, 0x0000000708f00000, 0x0000000709000000|  0%| F|  |TAMS 0x0000000708f00000, 0x0000000708f00000| Untracked 
| 132|0x0000000709000000, 0x0000000709000000, 0x0000000709100000|  0%| F|  |TAMS 0x0000000709000000, 0x0000000709000000| Untracked 
| 133|0x0000000709100000, 0x0000000709100000, 0x0000000709200000|  0%| F|  |TAMS 0x0000000709100000, 0x0000000709100000| Untracked 
| 134|0x0000000709200000, 0x0000000709200000, 0x0000000709300000|  0%| F|  |TAMS 0x0000000709200000, 0x0000000709200000| Untracked 
| 135|0x0000000709300000, 0x0000000709300000, 0x0000000709400000|  0%| F|  |TAMS 0x0000000709300000, 0x0000000709300000| Untracked 
| 136|0x0000000709400000, 0x0000000709400000, 0x0000000709500000|  0%| F|  |TAMS 0x0000000709400000, 0x0000000709400000| Untracked 
| 137|0x0000000709500000, 0x0000000709500000, 0x0000000709600000|  0%| F|  |TAMS 0x0000000709500000, 0x0000000709500000| Untracked 
| 138|0x0000000709600000, 0x0000000709600000, 0x0000000709700000|  0%| F|  |TAMS 0x0000000709600000, 0x0000000709600000| Untracked 
| 139|0x0000000709700000, 0x0000000709700000, 0x0000000709800000|  0%| F|  |TAMS 0x0000000709700000, 0x0000000709700000| Untracked 
| 140|0x0000000709800000, 0x0000000709800000, 0x0000000709900000|  0%| F|  |TAMS 0x0000000709800000, 0x0000000709800000| Untracked 
| 141|0x0000000709900000, 0x0000000709900000, 0x0000000709a00000|  0%| F|  |TAMS 0x0000000709900000, 0x0000000709900000| Untracked 
| 142|0x0000000709a00000, 0x0000000709a00000, 0x0000000709b00000|  0%| F|  |TAMS 0x0000000709a00000, 0x0000000709a00000| Untracked 
| 143|0x0000000709b00000, 0x0000000709b00000, 0x0000000709c00000|  0%| F|  |TAMS 0x0000000709b00000, 0x0000000709b00000| Untracked 
| 144|0x0000000709c00000, 0x0000000709c00000, 0x0000000709d00000|  0%| F|  |TAMS 0x0000000709c00000, 0x0000000709c00000| Untracked 
| 145|0x0000000709d00000, 0x0000000709d00000, 0x0000000709e00000|  0%| F|  |TAMS 0x0000000709d00000, 0x0000000709d00000| Untracked 
| 146|0x0000000709e00000, 0x0000000709e00000, 0x0000000709f00000|  0%| F|  |TAMS 0x0000000709e00000, 0x0000000709e00000| Untracked 
| 147|0x0000000709f00000, 0x0000000709f00000, 0x000000070a000000|  0%| F|  |TAMS 0x0000000709f00000, 0x0000000709f00000| Untracked 
| 148|0x000000070a000000, 0x000000070a000000, 0x000000070a100000|  0%| F|  |TAMS 0x000000070a000000, 0x000000070a000000| Untracked 
| 149|0x000000070a100000, 0x000000070a100000, 0x000000070a200000|  0%| F|  |TAMS 0x000000070a100000, 0x000000070a100000| Untracked 
| 150|0x000000070a200000, 0x000000070a200000, 0x000000070a300000|  0%| F|  |TAMS 0x000000070a200000, 0x000000070a200000| Untracked 
| 151|0x000000070a300000, 0x000000070a300000, 0x000000070a400000|  0%| F|  |TAMS 0x000000070a300000, 0x000000070a300000| Untracked 
| 152|0x000000070a400000, 0x000000070a400000, 0x000000070a500000|  0%| F|  |TAMS 0x000000070a400000, 0x000000070a400000| Untracked 
| 153|0x000000070a500000, 0x000000070a500000, 0x000000070a600000|  0%| F|  |TAMS 0x000000070a500000, 0x000000070a500000| Untracked 
| 154|0x000000070a600000, 0x000000070a600000, 0x000000070a700000|  0%| F|  |TAMS 0x000000070a600000, 0x000000070a600000| Untracked 
| 155|0x000000070a700000, 0x000000070a700000, 0x000000070a800000|  0%| F|  |TAMS 0x000000070a700000, 0x000000070a700000| Untracked 
| 156|0x000000070a800000, 0x000000070a800000, 0x000000070a900000|  0%| F|  |TAMS 0x000000070a800000, 0x000000070a800000| Untracked 
| 157|0x000000070a900000, 0x000000070a900000, 0x000000070aa00000|  0%| F|  |TAMS 0x000000070a900000, 0x000000070a900000| Untracked 
| 158|0x000000070aa00000, 0x000000070aa00000, 0x000000070ab00000|  0%| F|  |TAMS 0x000000070aa00000, 0x000000070aa00000| Untracked 
| 159|0x000000070ab00000, 0x000000070ab00000, 0x000000070ac00000|  0%| F|  |TAMS 0x000000070ab00000, 0x000000070ab00000| Untracked 
| 160|0x000000070ac00000, 0x000000070ac00000, 0x000000070ad00000|  0%| F|  |TAMS 0x000000070ac00000, 0x000000070ac00000| Untracked 
| 161|0x000000070ad00000, 0x000000070ad00000, 0x000000070ae00000|  0%| F|  |TAMS 0x000000070ad00000, 0x000000070ad00000| Untracked 
| 162|0x000000070ae00000, 0x000000070ae00000, 0x000000070af00000|  0%| F|  |TAMS 0x000000070ae00000, 0x000000070ae00000| Untracked 
| 163|0x000000070af00000, 0x000000070af00000, 0x000000070b000000|  0%| F|  |TAMS 0x000000070af00000, 0x000000070af00000| Untracked 
| 164|0x000000070b000000, 0x000000070b000000, 0x000000070b100000|  0%| F|  |TAMS 0x000000070b000000, 0x000000070b000000| Untracked 
| 165|0x000000070b100000, 0x000000070b100000, 0x000000070b200000|  0%| F|  |TAMS 0x000000070b100000, 0x000000070b100000| Untracked 
| 166|0x000000070b200000, 0x000000070b200000, 0x000000070b300000|  0%| F|  |TAMS 0x000000070b200000, 0x000000070b200000| Untracked 
| 167|0x000000070b300000, 0x000000070b300000, 0x000000070b400000|  0%| F|  |TAMS 0x000000070b300000, 0x000000070b300000| Untracked 
| 168|0x000000070b400000, 0x000000070b400000, 0x000000070b500000|  0%| F|  |TAMS 0x000000070b400000, 0x000000070b400000| Untracked 
| 169|0x000000070b500000, 0x000000070b500000, 0x000000070b600000|  0%| F|  |TAMS 0x000000070b500000, 0x000000070b500000| Untracked 
| 170|0x000000070b600000, 0x000000070b600000, 0x000000070b700000|  0%| F|  |TAMS 0x000000070b600000, 0x000000070b600000| Untracked 
| 171|0x000000070b700000, 0x000000070b700000, 0x000000070b800000|  0%| F|  |TAMS 0x000000070b700000, 0x000000070b700000| Untracked 
| 172|0x000000070b800000, 0x000000070b800000, 0x000000070b900000|  0%| F|  |TAMS 0x000000070b800000, 0x000000070b800000| Untracked 
| 173|0x000000070b900000, 0x000000070b900000, 0x000000070ba00000|  0%| F|  |TAMS 0x000000070b900000, 0x000000070b900000| Untracked 
| 174|0x000000070ba00000, 0x000000070ba00000, 0x000000070bb00000|  0%| F|  |TAMS 0x000000070ba00000, 0x000000070ba00000| Untracked 
| 175|0x000000070bb00000, 0x000000070bb00000, 0x000000070bc00000|  0%| F|  |TAMS 0x000000070bb00000, 0x000000070bb00000| Untracked 
| 176|0x000000070bc00000, 0x000000070bc00000, 0x000000070bd00000|  0%| F|  |TAMS 0x000000070bc00000, 0x000000070bc00000| Untracked 
| 177|0x000000070bd00000, 0x000000070bd00000, 0x000000070be00000|  0%| F|  |TAMS 0x000000070bd00000, 0x000000070bd00000| Untracked 
| 178|0x000000070be00000, 0x000000070be00000, 0x000000070bf00000|  0%| F|  |TAMS 0x000000070be00000, 0x000000070be00000| Untracked 
| 179|0x000000070bf00000, 0x000000070bf00000, 0x000000070c000000|  0%| F|  |TAMS 0x000000070bf00000, 0x000000070bf00000| Untracked 
| 180|0x000000070c000000, 0x000000070c000000, 0x000000070c100000|  0%| F|  |TAMS 0x000000070c000000, 0x000000070c000000| Untracked 
| 181|0x000000070c100000, 0x000000070c100000, 0x000000070c200000|  0%| F|  |TAMS 0x000000070c100000, 0x000000070c100000| Untracked 
| 182|0x000000070c200000, 0x000000070c200000, 0x000000070c300000|  0%| F|  |TAMS 0x000000070c200000, 0x000000070c200000| Untracked 
| 183|0x000000070c300000, 0x000000070c300000, 0x000000070c400000|  0%| F|  |TAMS 0x000000070c300000, 0x000000070c300000| Untracked 
| 184|0x000000070c400000, 0x000000070c400000, 0x000000070c500000|  0%| F|  |TAMS 0x000000070c400000, 0x000000070c400000| Untracked 
| 185|0x000000070c500000, 0x000000070c500000, 0x000000070c600000|  0%| F|  |TAMS 0x000000070c500000, 0x000000070c500000| Untracked 
| 186|0x000000070c600000, 0x000000070c600000, 0x000000070c700000|  0%| F|  |TAMS 0x000000070c600000, 0x000000070c600000| Untracked 
| 187|0x000000070c700000, 0x000000070c700000, 0x000000070c800000|  0%| F|  |TAMS 0x000000070c700000, 0x000000070c700000| Untracked 
| 188|0x000000070c800000, 0x000000070c800000, 0x000000070c900000|  0%| F|  |TAMS 0x000000070c800000, 0x000000070c800000| Untracked 
| 189|0x000000070c900000, 0x000000070c900000, 0x000000070ca00000|  0%| F|  |TAMS 0x000000070c900000, 0x000000070c900000| Untracked 
| 190|0x000000070ca00000, 0x000000070ca00000, 0x000000070cb00000|  0%| F|  |TAMS 0x000000070ca00000, 0x000000070ca00000| Untracked 
| 191|0x000000070cb00000, 0x000000070cb00000, 0x000000070cc00000|  0%| F|  |TAMS 0x000000070cb00000, 0x000000070cb00000| Untracked 
| 192|0x000000070cc00000, 0x000000070cc00000, 0x000000070cd00000|  0%| F|  |TAMS 0x000000070cc00000, 0x000000070cc00000| Untracked 
| 193|0x000000070cd00000, 0x000000070cd00000, 0x000000070ce00000|  0%| F|  |TAMS 0x000000070cd00000, 0x000000070cd00000| Untracked 
| 194|0x000000070ce00000, 0x000000070ce00000, 0x000000070cf00000|  0%| F|  |TAMS 0x000000070ce00000, 0x000000070ce00000| Untracked 
| 195|0x000000070cf00000, 0x000000070cf00000, 0x000000070d000000|  0%| F|  |TAMS 0x000000070cf00000, 0x000000070cf00000| Untracked 
| 196|0x000000070d000000, 0x000000070d000000, 0x000000070d100000|  0%| F|  |TAMS 0x000000070d000000, 0x000000070d000000| Untracked 
| 197|0x000000070d100000, 0x000000070d100000, 0x000000070d200000|  0%| F|  |TAMS 0x000000070d100000, 0x000000070d100000| Untracked 
| 198|0x000000070d200000, 0x000000070d200000, 0x000000070d300000|  0%| F|  |TAMS 0x000000070d200000, 0x000000070d200000| Untracked 
| 199|0x000000070d300000, 0x000000070d300000, 0x000000070d400000|  0%| F|  |TAMS 0x000000070d300000, 0x000000070d300000| Untracked 
| 200|0x000000070d400000, 0x000000070d400000, 0x000000070d500000|  0%| F|  |TAMS 0x000000070d400000, 0x000000070d400000| Untracked 
| 201|0x000000070d500000, 0x000000070d500000, 0x000000070d600000|  0%| F|  |TAMS 0x000000070d500000, 0x000000070d500000| Untracked 
| 202|0x000000070d600000, 0x000000070d600000, 0x000000070d700000|  0%| F|  |TAMS 0x000000070d600000, 0x000000070d600000| Untracked 
| 203|0x000000070d700000, 0x000000070d700000, 0x000000070d800000|  0%| F|  |TAMS 0x000000070d700000, 0x000000070d700000| Untracked 
| 204|0x000000070d800000, 0x000000070d800000, 0x000000070d900000|  0%| F|  |TAMS 0x000000070d800000, 0x000000070d800000| Untracked 
| 205|0x000000070d900000, 0x000000070d900000, 0x000000070da00000|  0%| F|  |TAMS 0x000000070d900000, 0x000000070d900000| Untracked 
| 206|0x000000070da00000, 0x000000070da00000, 0x000000070db00000|  0%| F|  |TAMS 0x000000070da00000, 0x000000070da00000| Untracked 
| 207|0x000000070db00000, 0x000000070db00000, 0x000000070dc00000|  0%| F|  |TAMS 0x000000070db00000, 0x000000070db00000| Untracked 
| 208|0x000000070dc00000, 0x000000070dc00000, 0x000000070dd00000|  0%| F|  |TAMS 0x000000070dc00000, 0x000000070dc00000| Untracked 
| 209|0x000000070dd00000, 0x000000070dd00000, 0x000000070de00000|  0%| F|  |TAMS 0x000000070dd00000, 0x000000070dd00000| Untracked 
| 210|0x000000070de00000, 0x000000070de00000, 0x000000070df00000|  0%| F|  |TAMS 0x000000070de00000, 0x000000070de00000| Untracked 
| 211|0x000000070df00000, 0x000000070df00000, 0x000000070e000000|  0%| F|  |TAMS 0x000000070df00000, 0x000000070df00000| Untracked 
| 212|0x000000070e000000, 0x000000070e000000, 0x000000070e100000|  0%| F|  |TAMS 0x000000070e000000, 0x000000070e000000| Untracked 
| 213|0x000000070e100000, 0x000000070e100000, 0x000000070e200000|  0%| F|  |TAMS 0x000000070e100000, 0x000000070e100000| Untracked 
| 214|0x000000070e200000, 0x000000070e200000, 0x000000070e300000|  0%| F|  |TAMS 0x000000070e200000, 0x000000070e200000| Untracked 
| 215|0x000000070e300000, 0x000000070e300000, 0x000000070e400000|  0%| F|  |TAMS 0x000000070e300000, 0x000000070e300000| Untracked 
| 216|0x000000070e400000, 0x000000070e400000, 0x000000070e500000|  0%| F|  |TAMS 0x000000070e400000, 0x000000070e400000| Untracked 
| 217|0x000000070e500000, 0x000000070e500000, 0x000000070e600000|  0%| F|  |TAMS 0x000000070e500000, 0x000000070e500000| Untracked 
| 218|0x000000070e600000, 0x000000070e600000, 0x000000070e700000|  0%| F|  |TAMS 0x000000070e600000, 0x000000070e600000| Untracked 
| 219|0x000000070e700000, 0x000000070e700000, 0x000000070e800000|  0%| F|  |TAMS 0x000000070e700000, 0x000000070e700000| Untracked 
| 220|0x000000070e800000, 0x000000070e800000, 0x000000070e900000|  0%| F|  |TAMS 0x000000070e800000, 0x000000070e800000| Untracked 
| 221|0x000000070e900000, 0x000000070e900000, 0x000000070ea00000|  0%| F|  |TAMS 0x000000070e900000, 0x000000070e900000| Untracked 
| 222|0x000000070ea00000, 0x000000070ea00000, 0x000000070eb00000|  0%| F|  |TAMS 0x000000070ea00000, 0x000000070ea00000| Untracked 
| 223|0x000000070eb00000, 0x000000070eb00000, 0x000000070ec00000|  0%| F|  |TAMS 0x000000070eb00000, 0x000000070eb00000| Untracked 
| 224|0x000000070ec00000, 0x000000070ec00000, 0x000000070ed00000|  0%| F|  |TAMS 0x000000070ec00000, 0x000000070ec00000| Untracked 
| 225|0x000000070ed00000, 0x000000070ed00000, 0x000000070ee00000|  0%| F|  |TAMS 0x000000070ed00000, 0x000000070ed00000| Untracked 
| 226|0x000000070ee00000, 0x000000070ee00000, 0x000000070ef00000|  0%| F|  |TAMS 0x000000070ee00000, 0x000000070ee00000| Untracked 
| 227|0x000000070ef00000, 0x000000070ef00000, 0x000000070f000000|  0%| F|  |TAMS 0x000000070ef00000, 0x000000070ef00000| Untracked 
| 228|0x000000070f000000, 0x000000070f000000, 0x000000070f100000|  0%| F|  |TAMS 0x000000070f000000, 0x000000070f000000| Untracked 
| 229|0x000000070f100000, 0x000000070f100000, 0x000000070f200000|  0%| F|  |TAMS 0x000000070f100000, 0x000000070f100000| Untracked 
| 230|0x000000070f200000, 0x000000070f200000, 0x000000070f300000|  0%| F|  |TAMS 0x000000070f200000, 0x000000070f200000| Untracked 
| 231|0x000000070f300000, 0x000000070f300000, 0x000000070f400000|  0%| F|  |TAMS 0x000000070f300000, 0x000000070f300000| Untracked 
| 232|0x000000070f400000, 0x000000070f400000, 0x000000070f500000|  0%| F|  |TAMS 0x000000070f400000, 0x000000070f400000| Untracked 
| 233|0x000000070f500000, 0x000000070f500000, 0x000000070f600000|  0%| F|  |TAMS 0x000000070f500000, 0x000000070f500000| Untracked 
| 234|0x000000070f600000, 0x000000070f600000, 0x000000070f700000|  0%| F|  |TAMS 0x000000070f600000, 0x000000070f600000| Untracked 
| 235|0x000000070f700000, 0x000000070f700000, 0x000000070f800000|  0%| F|  |TAMS 0x000000070f700000, 0x000000070f700000| Untracked 
| 236|0x000000070f800000, 0x000000070f800000, 0x000000070f900000|  0%| F|  |TAMS 0x000000070f800000, 0x000000070f800000| Untracked 
| 237|0x000000070f900000, 0x000000070f900000, 0x000000070fa00000|  0%| F|  |TAMS 0x000000070f900000, 0x000000070f900000| Untracked 
| 238|0x000000070fa00000, 0x000000070fa00000, 0x000000070fb00000|  0%| F|  |TAMS 0x000000070fa00000, 0x000000070fa00000| Untracked 
| 239|0x000000070fb00000, 0x000000070fb00000, 0x000000070fc00000|  0%| F|  |TAMS 0x000000070fb00000, 0x000000070fb00000| Untracked 
| 240|0x000000070fc00000, 0x000000070fc00000, 0x000000070fd00000|  0%| F|  |TAMS 0x000000070fc00000, 0x000000070fc00000| Untracked 
| 241|0x000000070fd00000, 0x000000070fd80800, 0x000000070fe00000| 50%| E|  |TAMS 0x000000070fd00000, 0x000000070fd00000| Complete 
| 242|0x000000070fe00000, 0x000000070ff00000, 0x000000070ff00000|100%| E|CS|TAMS 0x000000070fe00000, 0x000000070fe00000| Complete 
| 243|0x000000070ff00000, 0x0000000710000000, 0x0000000710000000|100%| E|CS|TAMS 0x000000070ff00000, 0x000000070ff00000| Complete 
| 244|0x0000000710000000, 0x0000000710100000, 0x0000000710100000|100%| E|CS|TAMS 0x0000000710000000, 0x0000000710000000| Complete 
| 245|0x0000000710100000, 0x0000000710200000, 0x0000000710200000|100%| E|CS|TAMS 0x0000000710100000, 0x0000000710100000| Complete 
| 246|0x0000000710200000, 0x0000000710300000, 0x0000000710300000|100%| E|CS|TAMS 0x0000000710200000, 0x0000000710200000| Complete 
| 247|0x0000000710300000, 0x0000000710400000, 0x0000000710400000|100%| E|CS|TAMS 0x0000000710300000, 0x0000000710300000| Complete 
| 248|0x0000000710400000, 0x0000000710500000, 0x0000000710500000|100%| E|CS|TAMS 0x0000000710400000, 0x0000000710400000| Complete 
| 249|0x0000000710500000, 0x0000000710600000, 0x0000000710600000|100%| E|CS|TAMS 0x0000000710500000, 0x0000000710500000| Complete 
| 250|0x0000000710600000, 0x0000000710700000, 0x0000000710700000|100%| E|CS|TAMS 0x0000000710600000, 0x0000000710600000| Complete 
| 251|0x0000000710700000, 0x0000000710800000, 0x0000000710800000|100%| E|CS|TAMS 0x0000000710700000, 0x0000000710700000| Complete 
| 252|0x0000000710800000, 0x0000000710900000, 0x0000000710900000|100%| E|CS|TAMS 0x0000000710800000, 0x0000000710800000| Complete 
| 253|0x0000000710900000, 0x0000000710a00000, 0x0000000710a00000|100%| E|CS|TAMS 0x0000000710900000, 0x0000000710900000| Complete 
| 254|0x0000000710a00000, 0x0000000710b00000, 0x0000000710b00000|100%| E|CS|TAMS 0x0000000710a00000, 0x0000000710a00000| Complete 
| 255|0x0000000710b00000, 0x0000000710c00000, 0x0000000710c00000|100%| E|CS|TAMS 0x0000000710b00000, 0x0000000710b00000| Complete 

Card table byte_map: [0x000001dbf9b20000,0x000001dbfa320000] _byte_map_base: 0x000001dbf631a000

Marking Bits (Prev, Next): (CMBitMap*) 0x000001dbeeafe698, (CMBitMap*) 0x000001dbeeafe6d8
 Prev Bits: [0x000001dbfab20000, 0x000001dbfeaf0000)
 Next Bits: [0x000001db8f000000, 0x000001db92fd0000)

Polling page: 0x000001dbee820000

Metaspace:

Usage:
  Non-class:     10.54 MB capacity,    10.38 MB ( 99%) used,   128.88 KB (  1%) free+waste,    30.63 KB ( <1%) overhead. 
      Class:      1.53 MB capacity,     1.39 MB ( 91%) used,   129.41 KB (  8%) free+waste,    17.31 KB (  1%) overhead. 
       Both:     12.07 MB capacity,    11.77 MB ( 98%) used,   258.29 KB (  2%) free+waste,    47.94 KB ( <1%) overhead. 

Virtual space:
  Non-class space:       12.00 MB reserved,      10.75 MB ( 90%) committed 
      Class space:        1.00 GB reserved,       1.63 MB ( <1%) committed 
             Both:        1.01 GB reserved,      12.38 MB (  1%) committed 

Chunk freelists:
   Non-Class:  3.00 KB
       Class:  256 bytes
        Both:  3.25 KB

CodeHeap 'non-profiled nmethods': size=120000Kb used=1550Kb max_used=1550Kb free=118449Kb
 bounds [0x000001db87ad0000, 0x000001db87d40000, 0x000001db8f000000]
CodeHeap 'profiled nmethods': size=120000Kb used=2920Kb max_used=3580Kb free=117079Kb
 bounds [0x000001db805a0000, 0x000001db80930000, 0x000001db87ad0000]
CodeHeap 'non-nmethods': size=5760Kb used=1265Kb max_used=1291Kb free=4495Kb
 bounds [0x000001db80000000, 0x000001db80270000, 0x000001db805a0000]
 total_blobs=3771 nmethods=1847 adapters=549
 compilation: enabled
              stopped_count=0, restarted_count=0
 full_count=0

Compilation events (10 events):
Event: 3540.440 Thread 0x000001dbff932800 nmethod 2276 0x000001db87c4e090 code [0x000001db87c4e240, 0x000001db87c4e378]
Event: 3540.440 Thread 0x000001dbff932800 2277       1       java.awt.Font::isTransformed (5 bytes)
Event: 3540.440 Thread 0x000001dbff932800 nmethod 2277 0x000001db87c4e410 code [0x000001db87c4e5c0, 0x000001db87c4e6f8]
Event: 3540.440 Thread 0x000001dbff932800 2278       1       sun.font.SunFontManager::usingPerAppContextComposites (5 bytes)
Event: 3540.440 Thread 0x000001dbff932800 nmethod 2278 0x000001db87c4e790 code [0x000001db87c4e940, 0x000001db87c4ea78]
Event: 3540.440 Thread 0x000001dbff932800 2279       1       java.awt.Font::getStyle (5 bytes)
Event: 3540.440 Thread 0x000001dbff932800 nmethod 2279 0x000001db87c4eb10 code [0x000001db87c4ecc0, 0x000001db87c4edf8]
Event: 3540.454 Thread 0x000001dbff932800 2280       1       sun.awt.Win32GraphicsDevice::getScreen (5 bytes)
Event: 3540.454 Thread 0x000001dbff932800 nmethod 2280 0x000001db87c4ee90 code [0x000001db87c4f040, 0x000001db87c4f178]
Event: 3540.463 Thread 0x000001dbff932800 2281       2       sun.java2d.SunGraphics2D::drawHiDPIImage (532 bytes)

GC Heap History (10 events):
Event: 76.494 GC heap before
{Heap before GC invocations=151 (full 0):
 garbage-first heap   total 262144K, used 158015K [0x0000000700c00000, 0x0000000800000000)
  region size 1024K, 153 young (156672K), 1 survivors (1024K)
 Metaspace       used 2345K, capacity 4689K, committed 4864K, reserved 1056768K
  class space    used 211K, capacity 436K, committed 512K, reserved 1048576K
}
Event: 76.494 GC heap after
{Heap after GC invocations=152 (full 0):
 garbage-first heap   total 262144K, used 2373K [0x0000000700c00000, 0x0000000800000000)
  region size 1024K, 1 young (1024K), 1 survivors (1024K)
 Metaspace       used 2345K, capacity 4689K, committed 4864K, reserved 1056768K
  class space    used 211K, capacity 436K, committed 512K, reserved 1048576K
}
Event: 76.990 GC heap before
{Heap before GC invocations=152 (full 0):
 garbage-first heap   total 262144K, used 158021K [0x0000000700c00000, 0x0000000800000000)
  region size 1024K, 153 young (156672K), 1 survivors (1024K)
 Metaspace       used 2345K, capacity 4689K, committed 4864K, reserved 1056768K
  class space    used 211K, capacity 436K, committed 512K, reserved 1048576K
}
Event: 76.991 GC heap after
{Heap after GC invocations=153 (full 0):
 garbage-first heap   total 262144K, used 2380K [0x0000000700c00000, 0x0000000800000000)
  region size 1024K, 1 young (1024K), 1 survivors (1024K)
 Metaspace       used 2345K, capacity 4689K, committed 4864K, reserved 1056768K
  class space    used 211K, capacity 436K, committed 512K, reserved 1048576K
}
Event: 77.482 GC heap before
{Heap before GC invocations=153 (full 0):
 garbage-first heap   total 262144K, used 158028K [0x0000000700c00000, 0x0000000800000000)
  region size 1024K, 153 young (156672K), 1 survivors (1024K)
 Metaspace       used 2345K, capacity 4689K, committed 4864K, reserved 1056768K
  class space    used 211K, capacity 436K, committed 512K, reserved 1048576K
}
Event: 77.482 GC heap after
{Heap after GC invocations=154 (full 0):
 garbage-first heap   total 262144K, used 2387K [0x0000000700c00000, 0x0000000800000000)
  region size 1024K, 1 young (1024K), 1 survivors (1024K)
 Metaspace       used 2345K, capacity 4689K, committed 4864K, reserved 1056768K
  class space    used 211K, capacity 436K, committed 512K, reserved 1048576K
}
Event: 77.974 GC heap before
{Heap before GC invocations=154 (full 0):
 garbage-first heap   total 262144K, used 158035K [0x0000000700c00000, 0x0000000800000000)
  region size 1024K, 153 young (156672K), 1 survivors (1024K)
 Metaspace       used 2345K, capacity 4689K, committed 4864K, reserved 1056768K
  class space    used 211K, capacity 436K, committed 512K, reserved 1048576K
}
Event: 77.974 GC heap after
{Heap after GC invocations=155 (full 0):
 garbage-first heap   total 262144K, used 2394K [0x0000000700c00000, 0x0000000800000000)
  region size 1024K, 1 young (1024K), 1 survivors (1024K)
 Metaspace       used 2345K, capacity 4689K, committed 4864K, reserved 1056768K
  class space    used 211K, capacity 436K, committed 512K, reserved 1048576K
}
Event: 2469.051 GC heap before
{Heap before GC invocations=155 (full 0):
 garbage-first heap   total 262144K, used 158042K [0x0000000700c00000, 0x0000000800000000)
  region size 1024K, 153 young (156672K), 1 survivors (1024K)
 Metaspace       used 11949K, capacity 12198K, committed 12288K, reserved 1060864K
  class space    used 1410K, capacity 1534K, committed 1536K, reserved 1048576K
}
Event: 2469.059 GC heap after
{Heap after GC invocations=156 (full 0):
 garbage-first heap   total 262144K, used 3695K [0x0000000700c00000, 0x0000000800000000)
  region size 1024K, 2 young (2048K), 2 survivors (2048K)
 Metaspace       used 11949K, capacity 12198K, committed 12288K, reserved 1060864K
  class space    used 1410K, capacity 1534K, committed 1536K, reserved 1048576K
}

Deoptimization events (10 events):
Event: 3540.269 Thread 0x000001db95c6b800 Uncommon trap: reason=bimorphic_or_optimized_type_check action=maybe_recompile pc=0x000001db87bcfb70 method=sun.java2d.SunGraphics2D.drawRect(IIII)V @ 10 c2
Event: 3540.269 Thread 0x000001db95c6b800 Uncommon trap: reason=class_check action=maybe_recompile pc=0x000001db87be6d08 method=sun.java2d.pipe.PixelToParallelogramConverter.drawRectangle(Lsun/java2d/SunGraphics2D;DDDDD)V @ 353 c2
Event: 3540.269 Thread 0x000001db95c6b800 Uncommon trap: reason=bimorphic_or_optimized_type_check action=maybe_recompile pc=0x000001db87bcfb70 method=sun.java2d.SunGraphics2D.drawRect(IIII)V @ 10 c2
Event: 3540.269 Thread 0x000001db95c6b800 Uncommon trap: reason=bimorphic_or_optimized_type_check action=maybe_recompile pc=0x000001db87c35030 method=javax.swing.border.CompoundBorder.paintBorder(Ljava/awt/Component;Ljava/awt/Graphics;IIII)V @ 46 c2
Event: 3540.317 Thread 0x000001db95c6b800 Uncommon trap: reason=unstable_if action=reinterpret pc=0x000001db87c46fc0 method=sun.java2d.SurfaceData.getSourceSurfaceData(Ljava/awt/Image;ILsun/java2d/loops/CompositeType;Ljava/awt/Color;)Lsun/java2d/SurfaceData; @ 26 c2
Event: 3540.348 Thread 0x000001db95c6b800 Uncommon trap: reason=unstable_if action=reinterpret pc=0x000001db87b92df8 method=sun.awt.image.SurfaceManager.getManager(Ljava/awt/Image;)Lsun/awt/image/SurfaceManager; @ 9 c2
Event: 3540.348 Thread 0x000001db95c6b800 Uncommon trap: reason=unstable_if action=reinterpret pc=0x000001db87c4c3c8 method=java.awt.geom.AffineTransform.isIdentity()Z @ 4 c2
Event: 3540.348 Thread 0x000001db95c6b800 Uncommon trap: reason=unstable_if action=reinterpret pc=0x000001db87c334bc method=sun.java2d.loops.CompositeType.equals(Ljava/lang/Object;)Z @ 18 c2
Event: 3540.407 Thread 0x000001db95c6b800 Uncommon trap: reason=class_check action=maybe_recompile pc=0x000001db87c3488c method=sun.java2d.SunGraphics2D.drawLine(IIII)V @ 10 c2
Event: 3540.429 Thread 0x000001db95c6b800 Uncommon trap: reason=bimorphic_or_optimized_type_check action=maybe_recompile pc=0x000001db87b9db44 method=sun.java2d.SunGraphics2D.transformShape(Ljava/awt/geom/AffineTransform;Ljava/awt/Shape;)Ljava/awt/Shape; @ 35 c2

Classes redefined (0 events):
No events

Internal exceptions (10 events):
Event: 78.405 Thread 0x000001dbeea99000 Exception <a 'java/lang/NoSuchMethodError'{0x000000070951d740}: java.lang.invoke.DirectMethodHandle$Holder.invokeSpecial(Ljava/lang/Object;Ljava/lang/Object;ILjava/lang/Object;Ljava/lang/Object;Ljava/lang/Object;)Ljava/lang/Object;> (0x000000070951d740) t
Event: 78.407 Thread 0x000001dbeea99000 Exception <a 'java/lang/NoSuchMethodError'{0x0000000709533a90}: java.lang.invoke.DirectMethodHandle$Holder.invokeStatic(Ljava/lang/Object;ILjava/lang/Object;)Ljava/lang/Object;> (0x0000000709533a90) thrown at [t:/workspace/open/src/hotspot/share/interpret
Event: 78.423 Thread 0x000001dbeea99000 Exception <a 'java/lang/ClassNotFoundException'{0x00000007095da1c8}: com/sun/swing/internal/plaf/metal/resources/spi/metalProvider> (0x00000007095da1c8) thrown at [t:/workspace/open/src/hotspot/share/classfile/systemDictionary.cpp, line 235]
Event: 78.423 Thread 0x000001dbeea99000 Exception <a 'java/lang/ClassNotFoundException'{0x00000007095de178}: com/sun/swing/internal/plaf/basic/resources/spi/basicProvider> (0x00000007095de178) thrown at [t:/workspace/open/src/hotspot/share/classfile/systemDictionary.cpp, line 235]
Event: 78.456 Thread 0x000001dbeea99000 Implicit null exception at 0x000001db87b3a54f to 0x000001db87b3a5cd
Event: 78.603 Thread 0x000001dbeea99000 Implicit null exception at 0x000001db87b291ac to 0x000001db87b2929e
Event: 78.796 Thread 0x000001dbeea99000 Exception <a 'java/lang/NoSuchMethodError'{0x000000070918f3c0}: java.lang.invoke.DirectMethodHandle$Holder.invokeStaticInit(Ljava/lang/Object;)V> (0x000000070918f3c0) thrown at [t:/workspace/open/src/hotspot/share/interpreter/linkResolver.cpp, line 777]
Event: 78.800 Thread 0x000001dbeea99000 Exception <a 'java/lang/NoSuchMethodError'{0x00000007091b99d8}: java.lang.invoke.Invokers$Holder.linkToTargetMethod(Ljava/lang/Object;ILjava/lang/Object;)Ljava/lang/Object;> (0x00000007091b99d8) thrown at [t:/workspace/open/src/hotspot/share/interpreter/l
Event: 2469.059 Thread 0x000001db95c6b800 Implicit null exception at 0x000001db87b8481f to 0x000001db87b864ba
Event: 3540.317 Thread 0x000001db95c6b800 Implicit null exception at 0x000001db87c4248e to 0x000001db87c46f6e

Events (10 events):
Event: 3540.348 loading class sun/java2d/loops/GraphicsPrimitive$GeneralBinaryOp
Event: 3540.349 loading class sun/java2d/loops/GraphicsPrimitive$GeneralBinaryOp done
Event: 3540.349 loading class sun/java2d/loops/MaskBlit$General done
Event: 3540.406 Thread 0x000001db95c6b800 Uncommon trap: trap_request=0xffffffde fr.pc=0x000001db87c3488c relative=0x0000000000000e8c
Event: 3540.407 Thread 0x000001db95c6b800 DEOPT PACKING pc=0x000001db87c3488c sp=0x0000007bb38fc960
Event: 3540.407 Thread 0x000001db95c6b800 DEOPT UNPACKING pc=0x000001db80029c2f sp=0x0000007bb38fc6e0 mode 2
Event: 3540.429 Thread 0x000001db95c6b800 Uncommon trap: trap_request=0xffffffc6 fr.pc=0x000001db87b9db44 relative=0x0000000000000644
Event: 3540.429 Thread 0x000001db95c6b800 DEOPT PACKING pc=0x000001db87b9db44 sp=0x0000007bb38fc280
Event: 3540.429 Thread 0x000001db95c6b800 DEOPT UNPACKING pc=0x000001db80029c2f sp=0x0000007bb38fc1a8 mode 2
Event: 3540.431 Thread 0x000001db9a4a3800 Thread added: 0x000001db9a4a3800


Dynamic libraries:
0x00007ff6c8910000 - 0x00007ff6c891f000 	C:\Program Files\Java\jdk-12.0.2\bin\javaw.exe
0x00007ffc31ce0000 - 0x00007ffc31ed0000 	C:\WINDOWS\SYSTEM32\ntdll.dll
0x00007ffc316d0000 - 0x00007ffc31782000 	C:\WINDOWS\System32\KERNEL32.DLL
0x00007ffc2f930000 - 0x00007ffc2fbd3000 	C:\WINDOWS\System32\KERNELBASE.dll
0x00007ffc2f830000 - 0x00007ffc2f92a000 	C:\WINDOWS\System32\ucrtbase.dll
0x00007ffc232d0000 - 0x00007ffc232e8000 	C:\Program Files\Java\jdk-12.0.2\bin\jli.dll
0x00007ffc28670000 - 0x00007ffc28686000 	C:\Program Files\Java\jdk-12.0.2\bin\VCRUNTIME140.dll
0x00007ffc30470000 - 0x00007ffc30513000 	C:\WINDOWS\System32\ADVAPI32.dll
0x00007ffc31160000 - 0x00007ffc311fe000 	C:\WINDOWS\System32\msvcrt.dll
0x00007ffc31bd0000 - 0x00007ffc31c67000 	C:\WINDOWS\System32\sechost.dll
0x00007ffc2fd90000 - 0x00007ffc2feb0000 	C:\WINDOWS\System32\RPCRT4.dll
0x00007ffc30fc0000 - 0x00007ffc31154000 	C:\WINDOWS\System32\USER32.dll
0x00007ffc2fd40000 - 0x00007ffc2fd61000 	C:\WINDOWS\System32\win32u.dll
0x00007ffc21820000 - 0x00007ffc21aa5000 	C:\WINDOWS\WinSxS\amd64_microsoft.windows.common-controls_6595b64144ccf1df_6.0.18362.720_none_e6beb5c51314836b\COMCTL32.dll
0x00007ffc303d0000 - 0x00007ffc303f6000 	C:\WINDOWS\System32\GDI32.dll
0x00007ffc31790000 - 0x00007ffc31ac6000 	C:\WINDOWS\System32\combase.dll
0x00007ffc2f690000 - 0x00007ffc2f824000 	C:\WINDOWS\System32\gdi32full.dll
0x00007ffc2ee10000 - 0x00007ffc2eeae000 	C:\WINDOWS\System32\msvcp_win.dll
0x00007ffc2fcc0000 - 0x00007ffc2fd40000 	C:\WINDOWS\System32\bcryptPrimitives.dll
0x00007ffc2dd60000 - 0x00007ffc2dd6a000 	C:\WINDOWS\SYSTEM32\VERSION.dll
0x00007ffc31c70000 - 0x00007ffc31c9e000 	C:\WINDOWS\System32\IMM32.DLL
0x00007ffbfbaf0000 - 0x00007ffbfbb9a000 	C:\Program Files\Java\jdk-12.0.2\bin\msvcp140.dll
0x00007ffba9000000 - 0x00007ffba9b77000 	C:\Program Files\Java\jdk-12.0.2\bin\server\jvm.dll
0x00007ffc30060000 - 0x00007ffc30068000 	C:\WINDOWS\System32\PSAPI.DLL
0x00007ffc2b6f0000 - 0x00007ffc2b714000 	C:\WINDOWS\SYSTEM32\WINMM.dll
0x00007ffc240a0000 - 0x00007ffc240a9000 	C:\WINDOWS\SYSTEM32\WSOCK32.dll
0x00007ffc30400000 - 0x00007ffc3046f000 	C:\WINDOWS\System32\WS2_32.dll
0x00007ffc2b6c0000 - 0x00007ffc2b6ed000 	C:\WINDOWS\SYSTEM32\WINMMBASE.dll
0x00007ffc2ec70000 - 0x00007ffc2ecba000 	C:\WINDOWS\System32\cfgmgr32.dll
0x00007ffc2ebb0000 - 0x00007ffc2ebc1000 	C:\WINDOWS\System32\kernel.appcore.dll
0x00007ffc24110000 - 0x00007ffc24121000 	C:\Program Files\Java\jdk-12.0.2\bin\verify.dll
0x00007ffc22a40000 - 0x00007ffc22c34000 	C:\WINDOWS\SYSTEM32\DBGHELP.DLL
0x00007ffc22910000 - 0x00007ffc2293a000 	C:\WINDOWS\SYSTEM32\dbgcore.DLL
0x00007ffc23360000 - 0x00007ffc23386000 	C:\Program Files\Java\jdk-12.0.2\bin\java.dll
0x00007ffc23560000 - 0x00007ffc23577000 	C:\Program Files\Java\jdk-12.0.2\bin\zip.dll
0x00007ffc28660000 - 0x00007ffc2866a000 	C:\Program Files\Java\jdk-12.0.2\bin\jimage.dll
0x00007ffc308d0000 - 0x00007ffc30fb5000 	C:\WINDOWS\System32\SHELL32.dll
0x00007ffc30320000 - 0x00007ffc303c9000 	C:\WINDOWS\System32\shcore.dll
0x00007ffc2eeb0000 - 0x00007ffc2f630000 	C:\WINDOWS\System32\windows.storage.dll
0x00007ffc2ec40000 - 0x00007ffc2ec63000 	C:\WINDOWS\System32\profapi.dll
0x00007ffc2ebd0000 - 0x00007ffc2ec1a000 	C:\WINDOWS\System32\powrprof.dll
0x00007ffc2eba0000 - 0x00007ffc2ebb0000 	C:\WINDOWS\System32\UMPDC.dll
0x00007ffc31b70000 - 0x00007ffc31bc2000 	C:\WINDOWS\System32\shlwapi.dll
0x00007ffc2fd70000 - 0x00007ffc2fd87000 	C:\WINDOWS\System32\cryptsp.dll
0x00007ffc23340000 - 0x00007ffc23359000 	C:\Program Files\Java\jdk-12.0.2\bin\net.dll
0x00007ffc21de0000 - 0x00007ffc21ed1000 	C:\WINDOWS\SYSTEM32\WINHTTP.dll
0x00007ffc26c60000 - 0x00007ffc26e35000 	C:\WINDOWS\SYSTEM32\urlmon.dll
0x00007ffc26f60000 - 0x00007ffc27206000 	C:\WINDOWS\SYSTEM32\iertutil.dll
0x00007ffc2e5e0000 - 0x00007ffc2e5ec000 	C:\WINDOWS\SYSTEM32\CRYPTBASE.DLL
0x00007ffc2e410000 - 0x00007ffc2e477000 	C:\WINDOWS\system32\mswsock.dll
0x00007ffc23320000 - 0x00007ffc23333000 	C:\Program Files\Java\jdk-12.0.2\bin\nio.dll
0x00007ffbf9c60000 - 0x00007ffbf9dff000 	C:\Program Files\Java\jdk-12.0.2\bin\awt.dll
0x00007ffc307a0000 - 0x00007ffc30864000 	C:\WINDOWS\System32\OLEAUT32.dll
0x00007ffc2b720000 - 0x00007ffc2bce0000 	C:\WINDOWS\SYSTEM32\d2d1.dll
0x00007ffc2cc60000 - 0x00007ffc2ccef000 	C:\WINDOWS\SYSTEM32\apphelp.dll
0x00007ffc2cdb0000 - 0x00007ffc2ce49000 	C:\WINDOWS\system32\uxtheme.dll
0x00007ffc30520000 - 0x00007ffc30656000 	C:\WINDOWS\System32\MSCTF.dll
0x00007ffc30070000 - 0x00007ffc301c7000 	C:\WINDOWS\System32\ole32.dll
0x00007ffc2d2b0000 - 0x00007ffc2d2dd000 	C:\WINDOWS\system32\DWMAPI.DLL
0x00007ffc0cb90000 - 0x00007ffc0cc39000 	C:\WINDOWS\WinSxS\amd64_microsoft.windows.common-controls_6595b64144ccf1df_5.82.18362.720_none_2a258974466b9fae\comctl32.dll
0x00007ffc05d00000 - 0x00007ffc05d80000 	C:\Program Files\Java\jdk-12.0.2\bin\freetype.dll
0x00007ffbfb680000 - 0x00007ffbfb72b000 	C:\Program Files\Java\jdk-12.0.2\bin\fontmanager.dll
0x00007ffc27400000 - 0x00007ffc27556000 	C:\WINDOWS\system32\opengl32.dll
0x00007ffc2bd80000 - 0x00007ffc2bdac000 	C:\WINDOWS\SYSTEM32\GLU32.dll
0x00007ffc2d6a0000 - 0x00007ffc2d6c0000 	C:\WINDOWS\SYSTEM32\dxcore.dll
0x00007ffbf8080000 - 0x00007ffbf8247000 	C:\WINDOWS\system32\d3d9.dll
0x00007ffc263e0000 - 0x00007ffc265b7000 	C:\WINDOWS\System32\DriverStore\FileRepository\c0352369.inf_amd64_8df39ff66d4d8f46\B352355\aticfx64.dll
0x00007ffc056a0000 - 0x00007ffc056d1000 	C:\WINDOWS\System32\DriverStore\FileRepository\c0352369.inf_amd64_8df39ff66d4d8f46\B352355\atiu9p64.dll
0x00007ffbcdc20000 - 0x00007ffbce8a9000 	C:\WINDOWS\System32\DriverStore\FileRepository\c0352369.inf_amd64_8df39ff66d4d8f46\B352355\atiumd64.dll
0x0000000064bb0000 - 0x0000000065975000 	C:\WINDOWS\System32\DriverStore\FileRepository\c0352369.inf_amd64_8df39ff66d4d8f46\B352355\atiumd6a.dll
0x00007ffc29080000 - 0x00007ffc290ae000 	C:\WINDOWS\SYSTEM32\amdihk64.dll
0x00007ffc30670000 - 0x00007ffc30712000 	C:\WINDOWS\System32\clbcatq.dll
0x00007ffc2b300000 - 0x00007ffc2b3ef000 	C:\WINDOWS\system32\propsys.dll
0x00007ffc24480000 - 0x00007ffc24496000 	C:\WINDOWS\system32\NetworkExplorer.dll
0x00007ffc1f7b0000 - 0x00007ffc1f7cb000 	C:\WINDOWS\SYSTEM32\MPR.dll
0x00007ffc21cd0000 - 0x00007ffc21cdb000 	C:\WINDOWS\System32\drprov.dll
0x00007ffc2daf0000 - 0x00007ffc2db4c000 	C:\WINDOWS\System32\WINSTA.dll
0x00007ffc0a5a0000 - 0x00007ffc0a5b5000 	C:\WINDOWS\System32\ntlanman.dll
0x00007ffc0a490000 - 0x00007ffc0a4ad000 	C:\WINDOWS\System32\davclnt.dll
0x00007ffc21ac0000 - 0x00007ffc21acc000 	C:\WINDOWS\System32\DAVHLPR.dll
0x00007ffc28770000 - 0x00007ffc28787000 	C:\WINDOWS\System32\wkscli.dll
0x00007ffc2fbe0000 - 0x00007ffc2fc06000 	C:\WINDOWS\System32\bcrypt.dll
0x00007ffc0ff90000 - 0x00007ffc0ffa2000 	C:\WINDOWS\SYSTEM32\cscapi.dll
0x00007ffc2e230000 - 0x00007ffc2e23c000 	C:\WINDOWS\System32\netutils.dll
0x00007ffbd09d0000 - 0x00007ffbd0a23000 	C:\Windows\System32\dlnashext.dll
0x00007ffc214c0000 - 0x00007ffc21524000 	C:\Windows\System32\PlayToDevice.dll
0x00007ffc072b0000 - 0x00007ffc072d0000 	C:\Windows\System32\DevDispItemProvider.dll
0x00007ffc29a70000 - 0x00007ffc29ae2000 	C:\WINDOWS\System32\MMDevApi.dll
0x00007ffc2e9a0000 - 0x00007ffc2e9ca000 	C:\WINDOWS\System32\DEVOBJ.dll
0x00007ffbfd250000 - 0x00007ffbfd2eb000 	C:\WINDOWS\system32\wpdshext.dll
0x00007ffc1dec0000 - 0x00007ffc1e063000 	C:\WINDOWS\WinSxS\amd64_microsoft.windows.gdiplus_6595b64144ccf1df_1.1.18362.720_none_17a9a8aa6da6fd39\gdiplus.dll
0x00007ffc08810000 - 0x00007ffc088ae000 	C:\Windows\System32\PortableDeviceApi.dll
0x00007ffc31260000 - 0x00007ffc316d0000 	C:\WINDOWS\System32\SETUPAPI.dll
0x00007ffc2f630000 - 0x00007ffc2f68c000 	C:\WINDOWS\System32\WINTRUST.dll
0x00007ffc2ec20000 - 0x00007ffc2ec32000 	C:\WINDOWS\System32\MSASN1.dll
0x00007ffc2ecc0000 - 0x00007ffc2ee09000 	C:\WINDOWS\System32\CRYPT32.dll
0x00007ffc21d00000 - 0x00007ffc21d37000 	C:\Windows\System32\EhStorShell.dll
0x00007ffc22c90000 - 0x00007ffc22cb5000 	C:\Windows\System32\EhStorAPI.dll
0x00007ffc2dd80000 - 0x00007ffc2dd93000 	C:\Windows\System32\WTSAPI32.dll
0x00007ffc27720000 - 0x00007ffc2772d000 	C:\WINDOWS\SYSTEM32\LINKINFO.dll
0x00007ffc2a260000 - 0x00007ffc2a40f000 	C:\WINDOWS\SYSTEM32\WindowsCodecs.dll
0x00007ffc245e0000 - 0x00007ffc2461a000 	C:\WINDOWS\system32\dataexchange.dll
0x00007ffc2c480000 - 0x00007ffc2c65b000 	C:\WINDOWS\system32\dcomp.dll
0x00007ffc2c210000 - 0x00007ffc2c46b000 	C:\WINDOWS\system32\d3d11.dll
0x00007ffc2d730000 - 0x00007ffc2d81b000 	C:\WINDOWS\system32\dxgi.dll
0x00007ffc2ce70000 - 0x00007ffc2d0ca000 	C:\WINDOWS\system32\twinapi.appcore.dll
0x00007ffc2d2e0000 - 0x00007ffc2d309000 	C:\WINDOWS\system32\RMCLIENT.dll

dbghelp: loaded successfully - version: 4.0.5 - missing functions: none
symbol engine: initialized successfully - sym options: 0x614 - pdb path: .;C:\Program Files\Java\jdk-12.0.2\bin;C:\WINDOWS\SYSTEM32;C:\WINDOWS\WinSxS\amd64_microsoft.windows.common-controls_6595b64144ccf1df_6.0.18362.720_none_e6beb5c51314836b;C:\Program Files\Java\jdk-12.0.2\bin\server;C:\WINDOWS\WinSxS\amd64_microsoft.windows.common-controls_6595b64144ccf1df_5.82.18362.720_none_2a258974466b9fae;C:\WINDOWS\System32\DriverStore\FileRepository\c0352369.inf_amd64_8df39ff66d4d8f46\B352355;C:\WINDOWS\WinSxS\amd64_microsoft.windows.gdiplus_6595b64144ccf1df_1.1.18362.720_none_17a9a8aa6da6fd39

VM Arguments:
jvm_args: -Dfile.encoding=Cp1252 
java_command: coursework.StartNoGui
java_class_path (initial): C:\Users\spost\OneDrive\Desktop\Comp Intel\cwk\bin;C:\Users\spost\OneDrive\Desktop\Comp Intel\cwk\lib\jcommon-1.0.23.jar;C:\Users\spost\OneDrive\Desktop\Comp Intel\cwk\lib\jfreechart-1.0.19.jar;C:\Users\spost\OneDrive\Desktop\Comp Intel\cwk\lib\LunarCW2020.jar
Launcher Type: SUN_STANDARD

[Global flags]
     intx CICompilerCount                          = 4                                         {product} {ergonomic}
     uint ConcGCThreads                            = 3                                         {product} {ergonomic}
     uint G1ConcRefinementThreads                  = 10                                        {product} {ergonomic}
   size_t G1HeapRegionSize                         = 1048576                                   {product} {ergonomic}
    uintx GCDrainStackTargetSize                   = 64                                        {product} {ergonomic}
   size_t InitialHeapSize                          = 268435456                                 {product} {ergonomic}
   size_t MarkStackSize                            = 4194304                                   {product} {ergonomic}
   size_t MaxHeapSize                              = 4282384384                                {product} {ergonomic}
   size_t MaxNewSize                               = 2569011200                                {product} {ergonomic}
   size_t MinHeapDeltaBytes                        = 1048576                                   {product} {ergonomic}
    uintx NonNMethodCodeHeapSize                   = 5836300                                {pd product} {ergonomic}
    uintx NonProfiledCodeHeapSize                  = 122910970                              {pd product} {ergonomic}
    uintx ProfiledCodeHeapSize                     = 122910970                              {pd product} {ergonomic}
    uintx ReservedCodeCacheSize                    = 251658240                              {pd product} {ergonomic}
     bool SegmentedCodeCache                       = true                                      {product} {ergonomic}
     bool UseCompressedClassPointers               = true                                 {lp64_product} {ergonomic}
     bool UseCompressedOops                        = true                                 {lp64_product} {ergonomic}
     bool UseG1GC                                  = true                                      {product} {ergonomic}
     bool UseLargePagesIndividualAllocation        = false                                  {pd product} {ergonomic}

Logging:
Log output configuration:
 #0: stdout all=warning uptime,level,tags
 #1: stderr all=off uptime,level,tags

Environment Variables:
PATH=C:/Program Files/Java/jdk-12.0.2/bin/server;C:/Program Files/Java/jdk-12.0.2/bin;C:\WINDOWS\system32;C:\WINDOWS;C:\WINDOWS\System32\Wbem;C:\WINDOWS\System32\WindowsPowerShell\v1.0\;C:\WINDOWS\System32\OpenSSH\;C:\Program Files\dotnet\;C:\Program Files\Microsoft SQL Server\130\Tools\Binn\;C:\Program Files\Microsoft SQL Server\Client SDK\ODBC\170\Tools\Binn\;C:\Program Files (x86)\Microsoft SQL Server\150\Tools\Binn\;C:\Program Files\Microsoft SQL Server\150\Tools\Binn\;C:\Program Files\Microsoft SQL Server\150\DTS\Binn\;C:\Users\spost\AppData\Local\Microsoft\WindowsApps;;C:\WINDOWS\System32;
USERNAME=spost
OS=Windows_NT
PROCESSOR_IDENTIFIER=AMD64 Family 23 Model 8 Stepping 2, AuthenticAMD



---------------  S Y S T E M  ---------------

OS: Windows 10 , 64 bit Build 18362 (10.0.18362.329)

CPU:total 12 (initial active 12) (12 cores per cpu, 2 threads per core) family 23 model 8 stepping 2, cmov, cx8, fxsr, mmx, sse, sse2, sse3, ssse3, sse4.1, sse4.2, popcnt, avx, avx2, aes, clmul, mmxext, 3dnowpref, lzcnt, sse4a, ht, tsc, tscinvbit, tscinv, bmi1, bmi2, adx, sha, fma

Memory: 4k page, system-wide physical 16331M (2433M free)
TotalPageFile size 31445M (AvailPageFile size 4M)
current process WorkingSet (physical memory assigned to process): 120M, peak: 261M
current process commit charge ("private bytes"): 410M, peak: 417M

vm_info: Java HotSpot(TM) 64-Bit Server VM (12.0.2+10) for windows-amd64 JRE (12.0.2+10), built on Jul 16 2019 01:56:17 by "mach5one" with MS VC++ 15.5 (VS2017)

END.
